<?xml version="1.0" encoding="UTF-8"?>
<!-- Generated by org.testng.reporters.JUnitReportReporter -->
<testsuite skipped="0" hostname="INDV062507" name="testcases.TC_001" tests="1" failures="0" timestamp="09 Oct 2018 16:44:15 GMT" time="20.668" errors="0">
  <testcase name="bmet" time="20.668" classname="testcases.TC_001"/>
</testsuite> <!-- testcases.TC_001 -->
